Dump started...
Dump NFA...
||******************************************************************************||
	NFA id: 140698876163264, initial: q104, final: q105
	Count of Nodes: 8

	Dump Node id: q104, is final: False, Count of transitions: 2
		by: eps to: 
			Node id: q106, is final: False
		by: eps to: 
			Node id: q107, is final: False
		It's all transitions...

	Dump Node id: q108, is final: False, Count of transitions: 1
		by: eps to: 
			Node id: q109, is final: False
		It's all transitions...

	Dump Node id: q106, is final: False, Count of transitions: 1
		by: a to: 
			Node id: q110, is final: False
		It's all transitions...

	Dump Node id: q110, is final: False, Count of transitions: 1
		by: eps to: 
			Node id: q108, is final: False
		It's all transitions...

	Dump Node id: q107, is final: False, Count of transitions: 1
		by: b to: 
			Node id: q111, is final: False
		It's all transitions...

	Dump Node id: q111, is final: False, Count of transitions: 1
		by: eps to: 
			Node id: q108, is final: False
		It's all transitions...

	Dump Node id: q109, is final: False, Count of transitions: 1
		by: c to: 
			Node id: q105, is final: True
		It's all transitions...

	Dump Node id: q105, is final: True, Count of transitions: 0
		It's all transitions...
||******************************************************************************||

Map of Names:
140698876730720 - q0
140698876731104 - q1
140698876613584 - q2
140698876909696 - q3
140698876613872 - q4
140698876730960 - q5
140698877010224 - q6
140698878128528 - q7
140698876908352 - q8
140698876909312 - q9
140698876910368 - q10
140698876729424 - q11
140698876729280 - q12
140698876728992 - q13
140698876730768 - q14
140698876728896 - q15
140698876728224 - q16
140698876728128 - q17
140698876727984 - q18
140698876728848 - q19
140698876730336 - q20
140698876730864 - q21
140698876727552 - q22
140698876730096 - q23
140698876730192 - q24
140698876730432 - q25
140698876730528 - q26
140698876730624 - q27
140698875605296 - q28
140698875605488 - q29
140698876614448 - q30
140698876614784 - q31
140698876613920 - q32
140698875605200 - q33
140698875607504 - q34
140698875606016 - q35
140698875606256 - q36
140698875607696 - q37
140698876614352 - q38
140698875605344 - q39
140698875606304 - q40
140698875605728 - q41
140698876614304 - q42
140698875605920 - q43
140698875605536 - q44
140698875606352 - q45
140698875606496 - q46
140698875606544 - q47
140698875606688 - q48
140698875606880 - q49
140698875607600 - q50
140698875606928 - q51
140698875607120 - q52
140698875607648 - q53
140698875606976 - q54
140698875606448 - q55
140698875607264 - q56
140698875607456 - q57
140698875921840 - q58
140698875921360 - q59
140698875921600 - q60
140698875921936 - q61
140698875921456 - q62
140698875921696 - q63
140698875608752 - q64
140698875608848 - q65
140698875609040 - q66
140698875607552 - q67
140698875608320 - q68
140698875608176 - q69
140698875608224 - q70
140698875607936 - q71
140698875608704 - q72
140698876162448 - q73
140698875608464 - q74
140698876162160 - q75
140698876162304 - q76
140698875608608 - q77
140698875608128 - q78
140698875607888 - q79
140698876163408 - q80
140698876164320 - q81
140698876163888 - q82
140698876163648 - q83
140698876164704 - q84
140698876164176 - q85
140698876163504 - q86
140698876164560 - q87
140698875606112 - q88
140698875608992 - q89
140698875605056 - q90
140698875605392 - q91
140698875608560 - q92
140698875605968 - q93
140698875605152 - q94
140698875608416 - q95
140698875922512 - q96
140698875923184 - q97
140698875922752 - q98
140698875922032 - q99
140698875922080 - q100
140698875922800 - q101
140698875922464 - q102
140698875923136 - q103
140698876165280 - q104
140698876165568 - q105
140698876164128 - q106
140698876164800 - q107
140698876164992 - q108
140698876165472 - q109
140698876164656 - q110
140698876164224 - q111
