2021-10-22 00:53:16,985 - root - DEBUG - Node initialization...
2021-10-22 00:53:16,986 - root - DEBUG - Node initialization completed.
2021-10-22 00:53:16,986 - root - DEBUG - Node initialization...
2021-10-22 00:53:16,986 - root - DEBUG - Node initialization completed.
2021-10-22 00:53:16,986 - root - DEBUG - Node initialization...
2021-10-22 00:53:16,986 - root - DEBUG - Node initialization completed.
2021-10-22 00:53:16,986 - root - DEBUG - Node initialization...
2021-10-22 00:53:16,986 - root - DEBUG - Node initialization completed.
2021-10-22 00:53:16,986 - root - INFO - Redirecting input and output streams
2021-10-22 00:53:16,986 - root - INFO - Done...
2021-10-22 00:53:34,757 - root - INFO - Submitted to the entrance: "ab.*", "ab"
2021-10-22 00:53:34,757 - root - INFO - Start building NFA...
2021-10-22 00:53:34,758 - root - INFO - Constructing NFA from regExpr
2021-10-22 00:53:34,758 - root - INFO - Initialize some basic variables
2021-10-22 00:53:34,758 - root - DEBUG - Node initialization...
2021-10-22 00:53:34,758 - root - DEBUG - Node initialization completed.
2021-10-22 00:53:34,759 - root - DEBUG - Node initialization...
2021-10-22 00:53:34,759 - root - DEBUG - Node initialization completed.
2021-10-22 00:53:34,759 - root - INFO - Trying to parse regExpr
2021-10-22 00:53:34,759 - root - INFO - Parse regExpr letter by letter
2021-10-22 00:53:34,760 - root - DEBUG - Check for the letter in alphabet: a
2021-10-22 00:53:34,760 - root - DEBUG - It's letter from alphabet!
2021-10-22 00:53:34,760 - root - INFO - Creating some basic NFA for one letter
2021-10-22 00:53:34,760 - root - DEBUG - Node initialization...
2021-10-22 00:53:34,761 - root - DEBUG - Node initialization completed.
2021-10-22 00:53:34,761 - root - DEBUG - Node initialization...
2021-10-22 00:53:34,761 - root - DEBUG - Node initialization completed.
2021-10-22 00:53:34,761 - root - INFO - Created.
2021-10-22 00:53:34,762 - root - DEBUG - Check for the letter in alphabet: b
2021-10-22 00:53:34,762 - root - DEBUG - It's letter from alphabet!
2021-10-22 00:53:34,762 - root - INFO - Creating some basic NFA for one letter
2021-10-22 00:53:34,762 - root - DEBUG - Node initialization...
2021-10-22 00:53:34,763 - root - DEBUG - Node initialization completed.
2021-10-22 00:53:34,763 - root - DEBUG - Node initialization...
2021-10-22 00:53:34,763 - root - DEBUG - Node initialization completed.
2021-10-22 00:53:34,763 - root - INFO - Created.
2021-10-22 00:53:34,763 - root - DEBUG - Check for the letter in alphabet: .
2021-10-22 00:53:34,763 - root - DEBUG - It isn't letter from alphabet(
2021-10-22 00:53:34,763 - root - DEBUG - Check for the letter in alphabet: *
2021-10-22 00:53:34,763 - root - DEBUG - It isn't letter from alphabet(
2021-10-22 00:53:34,763 - root - INFO - NFA Constructed.
2021-10-22 00:53:34,763 - root - DEBUG - Dumping NFA... (to see dumpfile go to "./logs/dump.log" or "./snapshots"
2021-10-22 00:53:34,763 - root - DEBUG - Starting dump process...
2021-10-22 00:53:34,763 - root - DEBUG - Creating logs dir
2021-10-22 00:53:34,763 - root - DEBUG - chdir to logs
2021-10-22 00:53:34,763 - root - DEBUG - Dump started...
2021-10-22 00:53:34,763 - root - DEBUG - Dump main debug information about NFA <practice1.nfa.NFA object at 0x7fe0ccab4eb0>
2021-10-22 00:53:34,764 - root - DEBUG - making new name for id of Node
2021-10-22 00:53:34,764 - root - DEBUG - new name created! 140603483090032 - q0
2021-10-22 00:53:34,764 - root - DEBUG - Exiting, return value: q0
2021-10-22 00:53:34,764 - root - DEBUG - making new name for id of Node
2021-10-22 00:53:34,764 - root - DEBUG - Exiting, return value: q0
2021-10-22 00:53:34,764 - root - DEBUG - Dump all nodes
2021-10-22 00:53:34,764 - root - DEBUG - making new name for id of Node
2021-10-22 00:53:34,764 - root - DEBUG - Exiting, return value: q0
2021-10-22 00:53:34,764 - root - DEBUG - making new name for id of Node
2021-10-22 00:53:34,764 - root - DEBUG - Exiting, return value: q0
2021-10-22 00:53:34,764 - root - DEBUG - dump main debug information about the node 140603483090032
2021-10-22 00:53:34,764 - root - DEBUG - making new name for id of Node
2021-10-22 00:53:34,764 - root - DEBUG - Exiting, return value: q0
2021-10-22 00:53:34,764 - root - DEBUG - Starting count transitions 140603483090032
2021-10-22 00:53:34,764 - root - DEBUG - Transitions counted (exiting), returned value: 1
2021-10-22 00:53:34,764 - root - DEBUG - dump all transitions about last node
2021-10-22 00:53:34,764 - root - DEBUG - Starting count transitions 140603483090032
2021-10-22 00:53:34,765 - root - DEBUG - Transitions counted (exiting), returned value: 1
2021-10-22 00:53:34,765 - root - DEBUG - making new name for id of Node
2021-10-22 00:53:34,765 - root - DEBUG - Exiting, return value: q0
2021-10-22 00:53:34,765 - root - DEBUG - making new name for id of Node
2021-10-22 00:53:34,765 - root - DEBUG - new name created! 140603481184240 - q1
2021-10-22 00:53:34,765 - root - DEBUG - Exiting, return value: q1
2021-10-22 00:53:34,765 - root - DEBUG - printing brief debug information about node 140603481184240
2021-10-22 00:53:34,765 - root - DEBUG - making new name for id of Node
2021-10-22 00:53:34,765 - root - DEBUG - Exiting, return value: q1
2021-10-22 00:53:34,765 - root - DEBUG - end of dump last node
2021-10-22 00:53:34,765 - root - DEBUG - dump main debug information about the node 140603481184240
2021-10-22 00:53:34,765 - root - DEBUG - making new name for id of Node
2021-10-22 00:53:34,765 - root - DEBUG - Exiting, return value: q1
2021-10-22 00:53:34,765 - root - DEBUG - Starting count transitions 140603481184240
2021-10-22 00:53:34,765 - root - DEBUG - Transitions counted (exiting), returned value: 1
2021-10-22 00:53:34,765 - root - DEBUG - dump all transitions about last node
2021-10-22 00:53:34,765 - root - DEBUG - Starting count transitions 140603481184240
2021-10-22 00:53:34,765 - root - DEBUG - Transitions counted (exiting), returned value: 1
2021-10-22 00:53:34,766 - root - DEBUG - making new name for id of Node
2021-10-22 00:53:34,766 - root - DEBUG - Exiting, return value: q1
2021-10-22 00:53:34,766 - root - DEBUG - making new name for id of Node
2021-10-22 00:53:34,766 - root - DEBUG - new name created! 140603479713152 - q2
2021-10-22 00:53:34,766 - root - DEBUG - Exiting, return value: q2
2021-10-22 00:53:34,766 - root - DEBUG - printing brief debug information about node 140603479713152
2021-10-22 00:53:34,766 - root - DEBUG - making new name for id of Node
2021-10-22 00:53:34,766 - root - DEBUG - Exiting, return value: q2
2021-10-22 00:53:34,766 - root - DEBUG - end of dump last node
2021-10-22 00:53:34,766 - root - DEBUG - dump main debug information about the node 140603479713152
2021-10-22 00:53:34,766 - root - DEBUG - making new name for id of Node
2021-10-22 00:53:34,766 - root - DEBUG - Exiting, return value: q2
2021-10-22 00:53:34,766 - root - DEBUG - Starting count transitions 140603479713152
2021-10-22 00:53:34,766 - root - DEBUG - Transitions counted (exiting), returned value: 1
2021-10-22 00:53:34,766 - root - DEBUG - dump all transitions about last node
2021-10-22 00:53:34,766 - root - DEBUG - Starting count transitions 140603479713152
2021-10-22 00:53:34,766 - root - DEBUG - Transitions counted (exiting), returned value: 1
2021-10-22 00:53:34,767 - root - DEBUG - making new name for id of Node
2021-10-22 00:53:34,767 - root - DEBUG - Exiting, return value: q2
2021-10-22 00:53:34,767 - root - DEBUG - making new name for id of Node
2021-10-22 00:53:34,767 - root - DEBUG - new name created! 140603479714448 - q3
2021-10-22 00:53:34,767 - root - DEBUG - Exiting, return value: q3
2021-10-22 00:53:34,767 - root - DEBUG - printing brief debug information about node 140603479714448
2021-10-22 00:53:34,767 - root - DEBUG - making new name for id of Node
2021-10-22 00:53:34,767 - root - DEBUG - Exiting, return value: q3
2021-10-22 00:53:34,767 - root - DEBUG - end of dump last node
2021-10-22 00:53:34,767 - root - DEBUG - dump main debug information about the node 140603479714448
2021-10-22 00:53:34,767 - root - DEBUG - making new name for id of Node
2021-10-22 00:53:34,767 - root - DEBUG - Exiting, return value: q3
2021-10-22 00:53:34,767 - root - DEBUG - Starting count transitions 140603479714448
2021-10-22 00:53:34,767 - root - DEBUG - Transitions counted (exiting), returned value: 1
2021-10-22 00:53:34,767 - root - DEBUG - dump all transitions about last node
2021-10-22 00:53:34,767 - root - DEBUG - Starting count transitions 140603479714448
2021-10-22 00:53:34,767 - root - DEBUG - Transitions counted (exiting), returned value: 1
2021-10-22 00:53:34,767 - root - DEBUG - making new name for id of Node
2021-10-22 00:53:34,767 - root - DEBUG - Exiting, return value: q3
2021-10-22 00:53:34,767 - root - DEBUG - making new name for id of Node
2021-10-22 00:53:34,768 - root - DEBUG - Exiting, return value: q0
2021-10-22 00:53:34,768 - root - DEBUG - printing brief debug information about node 140603483090032
2021-10-22 00:53:34,768 - root - DEBUG - making new name for id of Node
2021-10-22 00:53:34,768 - root - DEBUG - Exiting, return value: q0
2021-10-22 00:53:34,768 - root - DEBUG - end of dump last node
2021-10-22 00:53:34,768 - root - DEBUG - End of dump NFA
2021-10-22 00:53:34,768 - root - DEBUG - Dump process ended, exiting from logs
2021-10-22 00:53:34,768 - root - DEBUG - Creating snapshots dir
2021-10-22 00:53:34,768 - root - DEBUG - remove files and dirs in ./snapshots
2021-10-22 00:53:34,768 - root - DEBUG - removing completed
2021-10-22 00:53:34,768 - root - DEBUG - chdir to snapshots
2021-10-22 00:53:34,768 - root - DEBUG - Creating dump.log dir
2021-10-22 00:53:34,768 - root - DEBUG - chdir to dump.log
2021-10-22 00:53:34,769 - graphviz.files - DEBUG - write 170 bytes to './dump.log'
2021-10-22 00:53:34,769 - graphviz.backend - DEBUG - run ['dot', '-Kdot', '-Tpng', '-O', 'dump.log']
2021-10-22 00:53:34,805 - root - DEBUG - exiting to root
2021-10-22 00:53:34,805 - root - DEBUG - Dump fully ended
2021-10-22 00:53:34,806 - root - INFO - Start solving the task.
2021-10-22 00:53:34,806 - root - INFO - ------------------------------------------------
2021-10-22 00:53:34,806 - root - INFO - "a" has been passed to NFA for reading
2021-10-22 00:53:34,806 - root - INFO - the Line wasn't read
2021-10-22 00:53:34,806 - root - INFO - ------------------------------------------------
2021-10-22 00:53:34,806 - root - INFO - "ab" has been passed to NFA for reading
2021-10-22 00:53:34,806 - root - INFO - the Line was read!
2021-10-22 00:53:34,806 - root - INFO - Checking the length of substring
2021-10-22 00:53:34,806 - root - INFO - New answer!!! 2
2021-10-22 00:53:34,806 - root - INFO - Checked.
2021-10-22 00:53:34,806 - root - INFO - ------------------------------------------------
2021-10-22 00:53:34,806 - root - INFO - "b" has been passed to NFA for reading
2021-10-22 00:53:34,806 - root - INFO - the Line wasn't read
2021-10-22 00:53:34,806 - root - INFO - Exiting from "solve"
